<?xml version="1.0" encoding="UTF-8"?>
<testsuite name="com.csc.TestCalculator" tests="10" skipped="0" failures="0" errors="0" timestamp="2024-12-08T19:39:57" hostname="Bens-Air.attlocal.net" time="0.019">
  <properties/>
  <testcase name="testSingleElementArrayForLoops()" classname="com.csc.TestCalculator" time="0.008"/>
  <testcase name="testAverageUsingForLoop()" classname="com.csc.TestCalculator" time="0.0"/>
  <testcase name="testSumUsingStream()" classname="com.csc.TestCalculator" time="0.001"/>
  <testcase name="testMinimumUsingStream()" classname="com.csc.TestCalculator" time="0.001"/>
  <testcase name="testSingleElementArrayForStreams()" classname="com.csc.TestCalculator" time="0.002"/>
  <testcase name="testAverageUsingStream()" classname="com.csc.TestCalculator" time="0.001"/>
  <testcase name="testMinimumUsingForLoop()" classname="com.csc.TestCalculator" time="0.001"/>
  <testcase name="testMaximumUsingStream()" classname="com.csc.TestCalculator" time="0.0"/>
  <testcase name="testMaximumUsingForLoop()" classname="com.csc.TestCalculator" time="0.0"/>
  <testcase name="testSumUsingForLoop()" classname="com.csc.TestCalculator" time="0.001"/>
  <system-out><![CDATA[]]></system-out>
  <system-err><![CDATA[]]></system-err>
</testsuite>
